<?xml version="1.0" encoding="UTF-8"?>
<!-- Generated by org.testng.reporters.JUnitReportReporter -->
<testsuite hostname="Pro-Lingeaswaraan" failures="0" tests="9" name="emps.EmpsTestCaseLoginPage" time="27.918" errors="0" timestamp="2022-07-24T19:51:29 IST" skipped="0">
  <testcase classname="emps.EmpsTestCaseLoginPage" name="testCase1" time="3.641"/>
  <system-out/>
  <testcase classname="emps.EmpsTestCaseLoginPage" name="testCase2" time="3.443"/>
  <system-out/>
  <testcase classname="emps.EmpsTestCaseLoginPage" name="testCase3" time="7.645"/>
  <system-out/>
  <testcase classname="emps.EmpsTestCaseLoginPage" name="testCase4" time="2.238"/>
  <system-out/>
  <testcase classname="emps.EmpsTestCaseLoginPage" name="testcase5" time="2.229"/>
  <system-out/>
  <testcase classname="emps.EmpsTestCaseLoginPage" name="testCase6" time="2.111"/>
  <system-out/>
  <testcase classname="emps.EmpsTestCaseLoginPage" name="testCase7" time="1.970"/>
  <system-out/>
  <testcase classname="emps.EmpsTestCaseLoginPage" name="testCase8" time="1.908"/>
  <system-out/>
  <testcase classname="emps.EmpsTestCaseLoginPage" name="testCase9" time="2.733"/>
  <system-out/>
</testsuite> <!-- emps.EmpsTestCaseLoginPage -->
