<?xml version="1.0" encoding="UTF-8"?>
<!-- Generated by org.testng.reporters.JUnitReportReporter -->
<testsuite hostname="Pro-Lingeaswaraan" failures="0" tests="1" name="emps.EmpsTestCaseHomepage" time="14.288" errors="0" timestamp="2022-07-24T15:06:54 IST" skipped="0">
  <testcase classname="emps.EmpsTestCaseHomepage" name="testcase1" time="14.288"/>
  <system-out/>
</testsuite> <!-- emps.EmpsTestCaseHomepage -->
